Detecting C [-std=c99] compiler features failed to compile with the following output:
Change Dir: C:/Users/VitalyR/Projects/learn/c/trapezoidal_rule/cmake-build-debug/CMakeFiles/CMakeTmp

Run Build Command:"C:/PROGRA~1/MINGW-~1/X86_64~2.0-R/mingw64/bin/mingw32-make.exe" "cmTC_04cc3/fast"
C:/PROGRA~1/MINGW-~1/X86_64~2.0-R/mingw64/bin/mingw32-make.exe -f CMakeFiles\cmTC_04cc3.dir\build.make CMakeFiles/cmTC_04cc3.dir/build
mingw32-make.exe[1]: Entering directory 'C:/Users/VitalyR/Projects/learn/c/trapezoidal_rule/cmake-build-debug/CMakeFiles/CMakeTmp'
Building C object CMakeFiles/cmTC_04cc3.dir/feature_tests.c.obj
C:\PROGRA~1\MINGW-~1\X86_64~2.0-R\mingw64\bin\gcc.exe   -std=c99 -o CMakeFiles\cmTC_04cc3.dir\feature_tests.c.obj   -c C:\Users\VitalyR\Projects\learn\c\trapezoidal_rule\cmake-build-debug\CMakeFiles\feature_tests.c
Linking C executable cmTC_04cc3.exe
C:\Users\VitalyR\AppData\Local\JetBrains\Toolbox\apps\CLion\ch-0\182.4892.24\bin\cmake\win\bin\cmake.exe -E cmake_link_script CMakeFiles\cmTC_04cc3.dir\link.txt --verbose=1
C:\Users\VitalyR\AppData\Local\JetBrains\Toolbox\apps\CLion\ch-0\182.4892.24\bin\cmake\win\bin\cmake.exe -E remove -f CMakeFiles\cmTC_04cc3.dir/objects.a
C:\PROGRA~1\MINGW-~1\X86_64~2.0-R\mingw64\bin\ar.exe cr CMakeFiles\cmTC_04cc3.dir/objects.a @CMakeFiles\cmTC_04cc3.dir\objects1.rsp
C:\PROGRA~1\MINGW-~1\X86_64~2.0-R\mingw64\bin\gcc.exe      -Wl,--whole-archive CMakeFiles\cmTC_04cc3.dir/objects.a -Wl,--no-whole-archive  -o cmTC_04cc3.exe -Wl,--out-implib,libcmTC_04cc3.dll.a -Wl,--major-image-version,0,--minor-image-version,0 @CMakeFiles\cmTC_04cc3.dir\linklibs.rsp
Error running link command: 鎷掔粷璁块棶銆?mingw32-make.exe[1]: *** [CMakeFiles\cmTC_04cc3.dir\build.make:88: cmTC_04cc3.exe] Error 2
mingw32-make.exe[1]: Leaving directory 'C:/Users/VitalyR/Projects/learn/c/trapezoidal_rule/cmake-build-debug/CMakeFiles/CMakeTmp'
mingw32-make.exe: *** [Makefile:120: cmTC_04cc3/fast] Error 2



